2023-03-08 00:16:56,057 INFO SENT MESSAGE:                1, TO: 7978, 7979, global time:       1, local logical clock time: 1
2023-03-08 00:16:56,060 INFO RECEIVED MESSAGE:            1, global time: 1, local logical clock time: 2, message queue length: 0
2023-03-08 00:16:56,062 INFO SENT MESSAGE:                3, TO: 7978, global time:       1, local logical clock time: 3
2023-03-08 00:16:56,065 INFO INTERNAL EVENT, global time: 1, local logical clock time:    4
2023-03-08 00:16:56,067 INFO RECEIVED MESSAGE:            2, global time: 1, local logical clock time: 5, message queue length: 0
2023-03-08 00:16:56,069 INFO INTERNAL EVENT, global time: 1, local logical clock time:    6
2023-03-08 00:16:56,071 INFO INTERNAL EVENT, global time: 2, local logical clock time:    7
2023-03-08 00:16:56,073 INFO SENT MESSAGE:                8, TO: 7978, 7979, global time:       2, local logical clock time: 8
2023-03-08 00:16:56,075 INFO INTERNAL EVENT, global time: 2, local logical clock time:    9
2023-03-08 00:16:56,078 INFO SENT MESSAGE:                10, TO: 7978, global time:       2, local logical clock time: 10
2023-03-08 00:16:56,080 INFO INTERNAL EVENT, global time: 2, local logical clock time:    11
2023-03-08 00:16:56,082 INFO INTERNAL EVENT, global time: 2, local logical clock time:    12
2023-03-08 00:16:56,084 INFO RECEIVED MESSAGE:            10, global time: 3, local logical clock time: 13, message queue length: 0
2023-03-08 00:16:56,086 INFO INTERNAL EVENT, global time: 3, local logical clock time:    14
2023-03-08 00:16:56,088 INFO INTERNAL EVENT, global time: 3, local logical clock time:    15
2023-03-08 00:16:56,090 INFO INTERNAL EVENT, global time: 3, local logical clock time:    16
2023-03-08 00:16:56,093 INFO SENT MESSAGE:                17, TO: 7978, 7979, global time:       3, local logical clock time: 17
2023-03-08 00:16:56,095 INFO RECEIVED MESSAGE:            13, global time: 3, local logical clock time: 18, message queue length: 0
2023-03-08 00:16:56,097 INFO SENT MESSAGE:                19, TO: 7979, global time:       4, local logical clock time: 19
2023-03-08 00:16:56,099 INFO INTERNAL EVENT, global time: 4, local logical clock time:    20
2023-03-08 00:16:56,101 INFO SENT MESSAGE:                21, TO: 7978, 7979, global time:       4, local logical clock time: 21
2023-03-08 00:16:56,104 INFO SENT MESSAGE:                22, TO: 7979, global time:       4, local logical clock time: 22
2023-03-08 00:16:56,105 INFO INTERNAL EVENT, global time: 4, local logical clock time:    23
2023-03-08 00:16:56,108 INFO SENT MESSAGE:                24, TO: 7978, 7979, global time:       4, local logical clock time: 24
2023-03-08 00:16:56,110 INFO SENT MESSAGE:                25, TO: 7978, global time:       5, local logical clock time: 25
2023-03-08 00:16:56,112 INFO SENT MESSAGE:                26, TO: 7978, 7979, global time:       5, local logical clock time: 26
2023-03-08 00:16:56,114 INFO INTERNAL EVENT, global time: 5, local logical clock time:    27
2023-03-08 00:16:56,116 INFO INTERNAL EVENT, global time: 5, local logical clock time:    28
2023-03-08 00:16:56,119 INFO SENT MESSAGE:                29, TO: 7978, 7979, global time:       5, local logical clock time: 29
2023-03-08 00:16:56,121 INFO SENT MESSAGE:                30, TO: 7978, global time:       5, local logical clock time: 30
2023-03-08 00:16:56,123 INFO INTERNAL EVENT, global time: 6, local logical clock time:    31
2023-03-08 00:16:56,125 INFO SENT MESSAGE:                32, TO: 7979, global time:       6, local logical clock time: 32
2023-03-08 00:16:56,127 INFO SENT MESSAGE:                33, TO: 7978, global time:       6, local logical clock time: 33
2023-03-08 00:16:56,129 INFO INTERNAL EVENT, global time: 6, local logical clock time:    34
2023-03-08 00:16:56,131 INFO SENT MESSAGE:                35, TO: 7979, global time:       6, local logical clock time: 35
2023-03-08 00:16:56,134 INFO INTERNAL EVENT, global time: 6, local logical clock time:    36
2023-03-08 00:16:56,136 INFO INTERNAL EVENT, global time: 7, local logical clock time:    37
2023-03-08 00:16:56,138 INFO INTERNAL EVENT, global time: 7, local logical clock time:    38
2023-03-08 00:16:56,140 INFO INTERNAL EVENT, global time: 7, local logical clock time:    39
2023-03-08 00:16:56,142 INFO SENT MESSAGE:                40, TO: 7978, global time:       7, local logical clock time: 40
2023-03-08 00:16:56,144 INFO INTERNAL EVENT, global time: 7, local logical clock time:    41
2023-03-08 00:16:56,146 INFO RECEIVED MESSAGE:            38, global time: 7, local logical clock time: 42, message queue length: 0
2023-03-08 00:16:56,148 INFO SENT MESSAGE:                43, TO: 7979, global time:       8, local logical clock time: 43
2023-03-08 00:16:56,151 INFO RECEIVED MESSAGE:            42, global time: 8, local logical clock time: 44, message queue length: 0
2023-03-08 00:16:56,153 INFO INTERNAL EVENT, global time: 8, local logical clock time:    45
2023-03-08 00:16:56,155 INFO INTERNAL EVENT, global time: 8, local logical clock time:    46
2023-03-08 00:16:56,157 INFO RECEIVED MESSAGE:            43, global time: 8, local logical clock time: 47, message queue length: 0
2023-03-08 00:16:56,159 INFO SENT MESSAGE:                48, TO: 7978, global time:       8, local logical clock time: 48
2023-03-08 00:16:56,161 INFO SENT MESSAGE:                49, TO: 7978, 7979, global time:       9, local logical clock time: 49
2023-03-08 00:16:56,163 INFO INTERNAL EVENT, global time: 9, local logical clock time:    50
2023-03-08 00:16:56,166 INFO SENT MESSAGE:                51, TO: 7978, global time:       9, local logical clock time: 51
2023-03-08 00:16:56,168 INFO SENT MESSAGE:                52, TO: 7978, global time:       9, local logical clock time: 52
2023-03-08 00:16:56,170 INFO SENT MESSAGE:                53, TO: 7979, global time:       9, local logical clock time: 53
2023-03-08 00:16:56,172 INFO INTERNAL EVENT, global time: 9, local logical clock time:    54
2023-03-08 00:16:56,174 INFO INTERNAL EVENT, global time: 10, local logical clock time:    55
2023-03-08 00:16:56,176 INFO SENT MESSAGE:                56, TO: 7978, global time:       10, local logical clock time: 56
2023-03-08 00:16:56,178 INFO SENT MESSAGE:                57, TO: 7978, 7979, global time:       10, local logical clock time: 57
2023-03-08 00:16:56,180 INFO SENT MESSAGE:                58, TO: 7979, global time:       10, local logical clock time: 58
2023-03-08 00:16:56,183 INFO SENT MESSAGE:                59, TO: 7978, global time:       10, local logical clock time: 59
2023-03-08 00:16:56,185 INFO SENT MESSAGE:                60, TO: 7979, global time:       10, local logical clock time: 60
2023-03-08 00:16:56,187 INFO INTERNAL EVENT, global time: 11, local logical clock time:    61
2023-03-08 00:16:56,189 INFO SENT MESSAGE:                62, TO: 7978, global time:       11, local logical clock time: 62
2023-03-08 00:16:56,191 INFO INTERNAL EVENT, global time: 11, local logical clock time:    63
2023-03-08 00:16:56,193 INFO INTERNAL EVENT, global time: 11, local logical clock time:    64
2023-03-08 00:16:56,195 INFO SENT MESSAGE:                65, TO: 7979, global time:       11, local logical clock time: 65
2023-03-08 00:16:56,198 INFO INTERNAL EVENT, global time: 11, local logical clock time:    66
2023-03-08 00:16:56,200 INFO INTERNAL EVENT, global time: 12, local logical clock time:    67
2023-03-08 00:16:56,202 INFO INTERNAL EVENT, global time: 12, local logical clock time:    68
2023-03-08 00:16:56,204 INFO INTERNAL EVENT, global time: 12, local logical clock time:    69
2023-03-08 00:16:56,206 INFO INTERNAL EVENT, global time: 12, local logical clock time:    70
2023-03-08 00:16:56,208 INFO SENT MESSAGE:                71, TO: 7978, global time:       12, local logical clock time: 71
2023-03-08 00:16:56,210 INFO SENT MESSAGE:                72, TO: 7979, global time:       12, local logical clock time: 72
2023-03-08 00:16:56,212 INFO SENT MESSAGE:                73, TO: 7978, global time:       13, local logical clock time: 73
2023-03-08 00:16:56,215 INFO SENT MESSAGE:                74, TO: 7978, 7979, global time:       13, local logical clock time: 74
2023-03-08 00:16:56,217 INFO INTERNAL EVENT, global time: 13, local logical clock time:    75
2023-03-08 00:16:56,219 INFO INTERNAL EVENT, global time: 13, local logical clock time:    76
2023-03-08 00:16:56,221 INFO SENT MESSAGE:                77, TO: 7979, global time:       13, local logical clock time: 77
2023-03-08 00:16:56,223 INFO INTERNAL EVENT, global time: 13, local logical clock time:    78
2023-03-08 00:16:56,226 INFO SENT MESSAGE:                79, TO: 7979, global time:       14, local logical clock time: 79
2023-03-08 00:16:56,228 INFO SENT MESSAGE:                80, TO: 7979, global time:       14, local logical clock time: 80
2023-03-08 00:16:56,230 INFO SENT MESSAGE:                81, TO: 7979, global time:       14, local logical clock time: 81
2023-03-08 00:16:56,232 INFO SENT MESSAGE:                82, TO: 7978, 7979, global time:       14, local logical clock time: 82
2023-03-08 00:16:56,235 INFO RECEIVED MESSAGE:            77, global time: 14, local logical clock time: 83, message queue length: 0
2023-03-08 00:16:56,237 INFO SENT MESSAGE:                84, TO: 7979, global time:       14, local logical clock time: 84
2023-03-08 00:16:56,239 INFO SENT MESSAGE:                85, TO: 7978, 7979, global time:       15, local logical clock time: 85
2023-03-08 00:16:56,241 INFO SENT MESSAGE:                86, TO: 7978, global time:       15, local logical clock time: 86
2023-03-08 00:16:56,244 INFO SENT MESSAGE:                87, TO: 7979, global time:       15, local logical clock time: 87
2023-03-08 00:16:56,246 INFO INTERNAL EVENT, global time: 15, local logical clock time:    88
2023-03-08 00:16:56,248 INFO SENT MESSAGE:                89, TO: 7978, global time:       15, local logical clock time: 89
2023-03-08 00:16:56,250 INFO SENT MESSAGE:                90, TO: 7978, 7979, global time:       15, local logical clock time: 90
2023-03-08 00:16:56,253 INFO SENT MESSAGE:                91, TO: 7979, global time:       16, local logical clock time: 91
2023-03-08 00:16:56,255 INFO SENT MESSAGE:                92, TO: 7978, global time:       16, local logical clock time: 92
2023-03-08 00:16:56,257 INFO SENT MESSAGE:                93, TO: 7978, global time:       16, local logical clock time: 93
2023-03-08 00:16:56,259 INFO SENT MESSAGE:                94, TO: 7978, 7979, global time:       16, local logical clock time: 94
2023-03-08 00:16:56,261 INFO SENT MESSAGE:                95, TO: 7978, 7979, global time:       16, local logical clock time: 95
2023-03-08 00:16:56,264 INFO SENT MESSAGE:                96, TO: 7978, global time:       16, local logical clock time: 96
2023-03-08 00:16:56,266 INFO SENT MESSAGE:                97, TO: 7979, global time:       17, local logical clock time: 97
2023-03-08 00:16:56,268 INFO INTERNAL EVENT, global time: 17, local logical clock time:    98
2023-03-08 00:16:56,271 INFO INTERNAL EVENT, global time: 17, local logical clock time:    99
2023-03-08 00:16:56,273 INFO INTERNAL EVENT, global time: 17, local logical clock time:    100
2023-03-08 00:16:56,275 INFO INTERNAL EVENT, global time: 17, local logical clock time:    101
2023-03-08 00:16:56,277 INFO SENT MESSAGE:                102, TO: 7978, 7979, global time:       17, local logical clock time: 102
2023-03-08 00:16:56,279 INFO INTERNAL EVENT, global time: 18, local logical clock time:    103
2023-03-08 00:16:56,282 INFO SENT MESSAGE:                104, TO: 7978, global time:       18, local logical clock time: 104
2023-03-08 00:16:56,284 INFO SENT MESSAGE:                105, TO: 7978, 7979, global time:       18, local logical clock time: 105
2023-03-08 00:16:56,286 INFO INTERNAL EVENT, global time: 18, local logical clock time:    106
2023-03-08 00:16:56,288 INFO INTERNAL EVENT, global time: 18, local logical clock time:    107
2023-03-08 00:16:56,290 INFO SENT MESSAGE:                108, TO: 7978, 7979, global time:       18, local logical clock time: 108
2023-03-08 00:16:56,293 INFO SENT MESSAGE:                109, TO: 7978, global time:       19, local logical clock time: 109
2023-03-08 00:16:56,295 INFO INTERNAL EVENT, global time: 19, local logical clock time:    110
2023-03-08 00:16:56,297 INFO SENT MESSAGE:                111, TO: 7979, global time:       19, local logical clock time: 111
2023-03-08 00:16:56,299 INFO SENT MESSAGE:                112, TO: 7978, 7979, global time:       19, local logical clock time: 112
2023-03-08 00:16:56,302 INFO SENT MESSAGE:                113, TO: 7978, global time:       19, local logical clock time: 113
2023-03-08 00:16:56,304 INFO SENT MESSAGE:                114, TO: 7979, global time:       19, local logical clock time: 114
2023-03-08 00:16:56,306 INFO SENT MESSAGE:                115, TO: 7978, global time:       20, local logical clock time: 115
2023-03-08 00:16:56,308 INFO SENT MESSAGE:                116, TO: 7978, global time:       20, local logical clock time: 116
2023-03-08 00:16:56,310 INFO INTERNAL EVENT, global time: 20, local logical clock time:    117
2023-03-08 00:16:56,312 INFO SENT MESSAGE:                118, TO: 7978, 7979, global time:       20, local logical clock time: 118
2023-03-08 00:16:56,315 INFO INTERNAL EVENT, global time: 20, local logical clock time:    119
2023-03-08 00:16:56,317 INFO INTERNAL EVENT, global time: 20, local logical clock time:    120
2023-03-08 00:16:56,319 INFO SENT MESSAGE:                121, TO: 7978, 7979, global time:       21, local logical clock time: 121
2023-03-08 00:16:56,321 INFO INTERNAL EVENT, global time: 21, local logical clock time:    122
2023-03-08 00:16:56,323 INFO INTERNAL EVENT, global time: 21, local logical clock time:    123
2023-03-08 00:16:56,326 INFO SENT MESSAGE:                124, TO: 7978, 7979, global time:       21, local logical clock time: 124
2023-03-08 00:16:56,328 INFO SENT MESSAGE:                125, TO: 7978, 7979, global time:       21, local logical clock time: 125
2023-03-08 00:16:56,330 INFO SENT MESSAGE:                126, TO: 7978, global time:       21, local logical clock time: 126
2023-03-08 00:16:56,332 INFO SENT MESSAGE:                127, TO: 7978, global time:       22, local logical clock time: 127
2023-03-08 00:16:56,335 INFO SENT MESSAGE:                128, TO: 7979, global time:       22, local logical clock time: 128
2023-03-08 00:16:56,337 INFO INTERNAL EVENT, global time: 22, local logical clock time:    129
2023-03-08 00:16:56,339 INFO INTERNAL EVENT, global time: 22, local logical clock time:    130
2023-03-08 00:16:56,341 INFO SENT MESSAGE:                131, TO: 7978, 7979, global time:       22, local logical clock time: 131
2023-03-08 00:16:56,343 INFO INTERNAL EVENT, global time: 22, local logical clock time:    132
2023-03-08 00:16:56,345 INFO INTERNAL EVENT, global time: 23, local logical clock time:    133
2023-03-08 00:16:56,348 INFO SENT MESSAGE:                134, TO: 7979, global time:       23, local logical clock time: 134
2023-03-08 00:16:56,350 INFO INTERNAL EVENT, global time: 23, local logical clock time:    135
2023-03-08 00:16:56,352 INFO SENT MESSAGE:                136, TO: 7979, global time:       23, local logical clock time: 136
2023-03-08 00:16:56,354 INFO SENT MESSAGE:                137, TO: 7978, global time:       23, local logical clock time: 137
2023-03-08 00:16:56,356 INFO SENT MESSAGE:                138, TO: 7978, global time:       23, local logical clock time: 138
2023-03-08 00:16:56,358 INFO INTERNAL EVENT, global time: 24, local logical clock time:    139
2023-03-08 00:16:56,361 INFO SENT MESSAGE:                140, TO: 7979, global time:       24, local logical clock time: 140
2023-03-08 00:16:56,363 INFO SENT MESSAGE:                141, TO: 7979, global time:       24, local logical clock time: 141
2023-03-08 00:16:56,365 INFO INTERNAL EVENT, global time: 24, local logical clock time:    142
2023-03-08 00:16:56,367 INFO INTERNAL EVENT, global time: 24, local logical clock time:    143
2023-03-08 00:16:56,369 INFO INTERNAL EVENT, global time: 24, local logical clock time:    144
2023-03-08 00:16:56,371 INFO INTERNAL EVENT, global time: 25, local logical clock time:    145
2023-03-08 00:16:56,374 INFO SENT MESSAGE:                146, TO: 7978, 7979, global time:       25, local logical clock time: 146
2023-03-08 00:16:56,376 INFO INTERNAL EVENT, global time: 25, local logical clock time:    147
2023-03-08 00:16:56,378 INFO INTERNAL EVENT, global time: 25, local logical clock time:    148
2023-03-08 00:16:56,380 INFO SENT MESSAGE:                149, TO: 7978, 7979, global time:       25, local logical clock time: 149
2023-03-08 00:16:56,382 INFO INTERNAL EVENT, global time: 25, local logical clock time:    150
2023-03-08 00:16:56,385 INFO INTERNAL EVENT, global time: 26, local logical clock time:    151
2023-03-08 00:16:56,387 INFO SENT MESSAGE:                152, TO: 7978, 7979, global time:       26, local logical clock time: 152
2023-03-08 00:16:56,389 INFO SENT MESSAGE:                153, TO: 7978, 7979, global time:       26, local logical clock time: 153
2023-03-08 00:16:56,391 INFO INTERNAL EVENT, global time: 26, local logical clock time:    154
2023-03-08 00:16:56,393 INFO SENT MESSAGE:                155, TO: 7979, global time:       26, local logical clock time: 155
2023-03-08 00:16:56,396 INFO SENT MESSAGE:                156, TO: 7978, global time:       26, local logical clock time: 156
2023-03-08 00:16:56,398 INFO SENT MESSAGE:                157, TO: 7979, global time:       27, local logical clock time: 157
2023-03-08 00:16:56,400 INFO SENT MESSAGE:                158, TO: 7979, global time:       27, local logical clock time: 158
2023-03-08 00:16:56,402 INFO SENT MESSAGE:                159, TO: 7979, global time:       27, local logical clock time: 159
2023-03-08 00:16:56,404 INFO INTERNAL EVENT, global time: 27, local logical clock time:    160
2023-03-08 00:16:56,407 INFO INTERNAL EVENT, global time: 27, local logical clock time:    161
2023-03-08 00:16:56,409 INFO SENT MESSAGE:                162, TO: 7979, global time:       27, local logical clock time: 162
2023-03-08 00:16:56,411 INFO INTERNAL EVENT, global time: 28, local logical clock time:    163
2023-03-08 00:16:56,413 INFO SENT MESSAGE:                164, TO: 7978, 7979, global time:       28, local logical clock time: 164
2023-03-08 00:16:56,415 INFO SENT MESSAGE:                165, TO: 7979, global time:       28, local logical clock time: 165
2023-03-08 00:16:56,418 INFO SENT MESSAGE:                166, TO: 7978, global time:       28, local logical clock time: 166
2023-03-08 00:16:56,420 INFO SENT MESSAGE:                167, TO: 7978, 7979, global time:       28, local logical clock time: 167
2023-03-08 00:16:56,422 INFO SENT MESSAGE:                168, TO: 7979, global time:       28, local logical clock time: 168
2023-03-08 00:16:56,424 INFO INTERNAL EVENT, global time: 29, local logical clock time:    169
2023-03-08 00:16:56,426 INFO INTERNAL EVENT, global time: 29, local logical clock time:    170
2023-03-08 00:16:56,428 INFO SENT MESSAGE:                171, TO: 7978, global time:       29, local logical clock time: 171
2023-03-08 00:16:56,431 INFO INTERNAL EVENT, global time: 29, local logical clock time:    172
2023-03-08 00:16:56,433 INFO INTERNAL EVENT, global time: 29, local logical clock time:    173
2023-03-08 00:16:56,435 INFO INTERNAL EVENT, global time: 29, local logical clock time:    174
2023-03-08 00:16:56,437 INFO SENT MESSAGE:                175, TO: 7978, global time:       30, local logical clock time: 175
2023-03-08 00:16:56,439 INFO INTERNAL EVENT, global time: 30, local logical clock time:    176
2023-03-08 00:16:56,441 INFO INTERNAL EVENT, global time: 30, local logical clock time:    177
2023-03-08 00:16:56,443 INFO SENT MESSAGE:                178, TO: 7978, global time:       30, local logical clock time: 178
2023-03-08 00:16:56,445 INFO INTERNAL EVENT, global time: 30, local logical clock time:    179
2023-03-08 00:16:56,448 INFO SENT MESSAGE:                180, TO: 7979, global time:       30, local logical clock time: 180
2023-03-08 00:16:56,450 INFO SENT MESSAGE:                181, TO: 7979, global time:       31, local logical clock time: 181
2023-03-08 00:16:56,452 INFO INTERNAL EVENT, global time: 31, local logical clock time:    182
2023-03-08 00:16:56,454 INFO SENT MESSAGE:                183, TO: 7979, global time:       31, local logical clock time: 183
2023-03-08 00:16:56,456 INFO INTERNAL EVENT, global time: 31, local logical clock time:    184
2023-03-08 00:16:56,459 INFO SENT MESSAGE:                185, TO: 7979, global time:       31, local logical clock time: 185
2023-03-08 00:16:56,461 INFO INTERNAL EVENT, global time: 31, local logical clock time:    186
2023-03-08 00:16:56,463 INFO SENT MESSAGE:                187, TO: 7978, 7979, global time:       32, local logical clock time: 187
2023-03-08 00:16:56,465 INFO INTERNAL EVENT, global time: 32, local logical clock time:    188
2023-03-08 00:16:56,467 INFO INTERNAL EVENT, global time: 32, local logical clock time:    189
2023-03-08 00:16:56,469 INFO INTERNAL EVENT, global time: 32, local logical clock time:    190
2023-03-08 00:16:56,471 INFO SENT MESSAGE:                191, TO: 7979, global time:       32, local logical clock time: 191
2023-03-08 00:16:56,473 INFO RECEIVED MESSAGE:            189, global time: 32, local logical clock time: 192, message queue length: 0
2023-03-08 00:16:56,476 INFO SENT MESSAGE:                193, TO: 7979, global time:       33, local logical clock time: 193
2023-03-08 00:16:56,478 INFO INTERNAL EVENT, global time: 33, local logical clock time:    194
2023-03-08 00:16:56,480 INFO INTERNAL EVENT, global time: 33, local logical clock time:    195
2023-03-08 00:16:56,482 INFO SENT MESSAGE:                196, TO: 7979, global time:       33, local logical clock time: 196
2023-03-08 00:16:56,485 INFO INTERNAL EVENT, global time: 33, local logical clock time:    197
2023-03-08 00:16:56,487 INFO RECEIVED MESSAGE:            191, global time: 33, local logical clock time: 198, message queue length: 0
2023-03-08 00:16:56,489 INFO SENT MESSAGE:                199, TO: 7978, global time:       34, local logical clock time: 199
2023-03-08 00:16:56,491 INFO SENT MESSAGE:                200, TO: 7978, global time:       34, local logical clock time: 200
2023-03-08 00:16:56,493 INFO SENT MESSAGE:                201, TO: 7979, global time:       34, local logical clock time: 201
2023-03-08 00:16:56,495 INFO SENT MESSAGE:                202, TO: 7978, global time:       34, local logical clock time: 202
2023-03-08 00:16:56,498 INFO INTERNAL EVENT, global time: 34, local logical clock time:    203
2023-03-08 00:16:56,500 INFO SENT MESSAGE:                204, TO: 7978, 7979, global time:       34, local logical clock time: 204
2023-03-08 00:16:56,502 INFO INTERNAL EVENT, global time: 35, local logical clock time:    205
2023-03-08 00:16:56,504 INFO SENT MESSAGE:                206, TO: 7978, 7979, global time:       35, local logical clock time: 206
2023-03-08 00:16:56,507 INFO SENT MESSAGE:                207, TO: 7979, global time:       35, local logical clock time: 207
2023-03-08 00:16:56,509 INFO SENT MESSAGE:                208, TO: 7978, 7979, global time:       35, local logical clock time: 208
2023-03-08 00:16:56,511 INFO SENT MESSAGE:                209, TO: 7978, global time:       35, local logical clock time: 209
2023-03-08 00:16:56,513 INFO INTERNAL EVENT, global time: 35, local logical clock time:    210
2023-03-08 00:16:56,515 INFO SENT MESSAGE:                211, TO: 7978, 7979, global time:       36, local logical clock time: 211
2023-03-08 00:16:56,517 INFO SENT MESSAGE:                212, TO: 7979, global time:       36, local logical clock time: 212
2023-03-08 00:16:56,520 INFO SENT MESSAGE:                213, TO: 7978, 7979, global time:       36, local logical clock time: 213
2023-03-08 00:16:56,522 INFO SENT MESSAGE:                214, TO: 7978, 7979, global time:       36, local logical clock time: 214
2023-03-08 00:16:56,524 INFO INTERNAL EVENT, global time: 36, local logical clock time:    215
2023-03-08 00:16:56,526 INFO SENT MESSAGE:                216, TO: 7978, global time:       36, local logical clock time: 216
2023-03-08 00:16:56,528 INFO INTERNAL EVENT, global time: 37, local logical clock time:    217
2023-03-08 00:16:56,531 INFO INTERNAL EVENT, global time: 37, local logical clock time:    218
2023-03-08 00:16:56,533 INFO SENT MESSAGE:                219, TO: 7978, global time:       37, local logical clock time: 219
2023-03-08 00:16:56,535 INFO INTERNAL EVENT, global time: 37, local logical clock time:    220
2023-03-08 00:16:56,537 INFO SENT MESSAGE:                221, TO: 7979, global time:       37, local logical clock time: 221
2023-03-08 00:16:56,539 INFO SENT MESSAGE:                222, TO: 7978, global time:       37, local logical clock time: 222
2023-03-08 00:16:56,542 INFO INTERNAL EVENT, global time: 38, local logical clock time:    223
2023-03-08 00:16:56,544 INFO SENT MESSAGE:                224, TO: 7978, global time:       38, local logical clock time: 224
2023-03-08 00:16:56,546 INFO SENT MESSAGE:                225, TO: 7979, global time:       38, local logical clock time: 225
2023-03-08 00:16:56,548 INFO INTERNAL EVENT, global time: 38, local logical clock time:    226
2023-03-08 00:16:56,551 INFO SENT MESSAGE:                227, TO: 7978, 7979, global time:       38, local logical clock time: 227
2023-03-08 00:16:56,553 INFO INTERNAL EVENT, global time: 38, local logical clock time:    228
2023-03-08 00:16:56,555 INFO SENT MESSAGE:                229, TO: 7979, global time:       39, local logical clock time: 229
2023-03-08 00:16:56,557 INFO SENT MESSAGE:                230, TO: 7979, global time:       39, local logical clock time: 230
2023-03-08 00:16:56,559 INFO SENT MESSAGE:                231, TO: 7978, global time:       39, local logical clock time: 231
2023-03-08 00:16:56,561 INFO INTERNAL EVENT, global time: 39, local logical clock time:    232
2023-03-08 00:16:56,564 INFO SENT MESSAGE:                233, TO: 7979, global time:       39, local logical clock time: 233
2023-03-08 00:16:56,566 INFO SENT MESSAGE:                234, TO: 7978, 7979, global time:       39, local logical clock time: 234
2023-03-08 00:16:56,568 INFO INTERNAL EVENT, global time: 40, local logical clock time:    235
2023-03-08 00:16:56,570 INFO SENT MESSAGE:                236, TO: 7978, global time:       40, local logical clock time: 236
2023-03-08 00:16:56,573 INFO SENT MESSAGE:                237, TO: 7979, global time:       40, local logical clock time: 237
2023-03-08 00:16:56,575 INFO INTERNAL EVENT, global time: 40, local logical clock time:    238
2023-03-08 00:16:56,577 INFO SENT MESSAGE:                239, TO: 7978, global time:       40, local logical clock time: 239
2023-03-08 00:16:56,579 INFO INTERNAL EVENT, global time: 40, local logical clock time:    240
2023-03-08 00:16:56,581 INFO SENT MESSAGE:                241, TO: 7979, global time:       41, local logical clock time: 241
2023-03-08 00:16:56,584 INFO SENT MESSAGE:                242, TO: 7978, global time:       41, local logical clock time: 242
2023-03-08 00:16:56,586 INFO INTERNAL EVENT, global time: 41, local logical clock time:    243
2023-03-08 00:16:56,588 INFO INTERNAL EVENT, global time: 41, local logical clock time:    244
2023-03-08 00:16:56,590 INFO SENT MESSAGE:                245, TO: 7978, global time:       41, local logical clock time: 245
2023-03-08 00:16:56,592 INFO SENT MESSAGE:                246, TO: 7978, 7979, global time:       41, local logical clock time: 246
2023-03-08 00:16:56,595 INFO INTERNAL EVENT, global time: 42, local logical clock time:    247
2023-03-08 00:16:56,597 INFO SENT MESSAGE:                248, TO: 7978, global time:       42, local logical clock time: 248
2023-03-08 00:16:56,599 INFO INTERNAL EVENT, global time: 42, local logical clock time:    249
2023-03-08 00:16:56,601 INFO SENT MESSAGE:                250, TO: 7978, global time:       42, local logical clock time: 250
2023-03-08 00:16:56,604 INFO SENT MESSAGE:                251, TO: 7978, 7979, global time:       42, local logical clock time: 251
2023-03-08 00:16:56,606 INFO SENT MESSAGE:                252, TO: 7979, global time:       42, local logical clock time: 252
2023-03-08 00:16:56,608 INFO SENT MESSAGE:                253, TO: 7978, global time:       43, local logical clock time: 253
2023-03-08 00:16:56,610 INFO INTERNAL EVENT, global time: 43, local logical clock time:    254
2023-03-08 00:16:56,612 INFO INTERNAL EVENT, global time: 43, local logical clock time:    255
2023-03-08 00:16:56,615 INFO SENT MESSAGE:                256, TO: 7978, global time:       43, local logical clock time: 256
2023-03-08 00:16:56,617 INFO SENT MESSAGE:                257, TO: 7978, global time:       43, local logical clock time: 257
2023-03-08 00:16:56,619 INFO SENT MESSAGE:                258, TO: 7978, 7979, global time:       43, local logical clock time: 258
2023-03-08 00:16:56,621 INFO SENT MESSAGE:                259, TO: 7979, global time:       44, local logical clock time: 259
2023-03-08 00:16:56,623 INFO SENT MESSAGE:                260, TO: 7978, global time:       44, local logical clock time: 260
2023-03-08 00:16:56,626 INFO INTERNAL EVENT, global time: 44, local logical clock time:    261
2023-03-08 00:16:56,628 INFO SENT MESSAGE:                262, TO: 7978, global time:       44, local logical clock time: 262
2023-03-08 00:16:56,630 INFO INTERNAL EVENT, global time: 44, local logical clock time:    263
2023-03-08 00:16:56,632 INFO INTERNAL EVENT, global time: 44, local logical clock time:    264
2023-03-08 00:16:56,634 INFO INTERNAL EVENT, global time: 45, local logical clock time:    265
2023-03-08 00:16:56,637 INFO SENT MESSAGE:                266, TO: 7979, global time:       45, local logical clock time: 266
2023-03-08 00:16:56,639 INFO SENT MESSAGE:                267, TO: 7978, 7979, global time:       45, local logical clock time: 267
2023-03-08 00:16:56,641 INFO INTERNAL EVENT, global time: 45, local logical clock time:    268
2023-03-08 00:16:56,643 INFO SENT MESSAGE:                269, TO: 7978, 7979, global time:       45, local logical clock time: 269
2023-03-08 00:16:56,645 INFO INTERNAL EVENT, global time: 45, local logical clock time:    270
2023-03-08 00:16:56,648 INFO SENT MESSAGE:                271, TO: 7978, 7979, global time:       46, local logical clock time: 271
2023-03-08 00:16:56,650 INFO SENT MESSAGE:                272, TO: 7979, global time:       46, local logical clock time: 272
2023-03-08 00:16:56,652 INFO SENT MESSAGE:                273, TO: 7978, global time:       46, local logical clock time: 273
2023-03-08 00:16:56,654 INFO INTERNAL EVENT, global time: 46, local logical clock time:    274
2023-03-08 00:16:56,657 INFO INTERNAL EVENT, global time: 46, local logical clock time:    275
2023-03-08 00:16:56,659 INFO SENT MESSAGE:                276, TO: 7978, global time:       46, local logical clock time: 276
2023-03-08 00:16:56,661 INFO INTERNAL EVENT, global time: 47, local logical clock time:    277
2023-03-08 00:16:56,663 INFO INTERNAL EVENT, global time: 47, local logical clock time:    278
2023-03-08 00:16:56,665 INFO INTERNAL EVENT, global time: 47, local logical clock time:    279
2023-03-08 00:16:56,667 INFO SENT MESSAGE:                280, TO: 7978, 7979, global time:       47, local logical clock time: 280
2023-03-08 00:16:56,670 INFO SENT MESSAGE:                281, TO: 7979, global time:       47, local logical clock time: 281
2023-03-08 00:16:56,672 INFO SENT MESSAGE:                282, TO: 7978, 7979, global time:       47, local logical clock time: 282
2023-03-08 00:16:56,674 INFO INTERNAL EVENT, global time: 48, local logical clock time:    283
2023-03-08 00:16:56,676 INFO SENT MESSAGE:                284, TO: 7979, global time:       48, local logical clock time: 284
2023-03-08 00:16:56,678 INFO SENT MESSAGE:                285, TO: 7978, global time:       48, local logical clock time: 285
2023-03-08 00:16:56,680 INFO INTERNAL EVENT, global time: 48, local logical clock time:    286
2023-03-08 00:16:56,683 INFO SENT MESSAGE:                287, TO: 7978, 7979, global time:       48, local logical clock time: 287
2023-03-08 00:16:56,685 INFO INTERNAL EVENT, global time: 48, local logical clock time:    288
2023-03-08 00:16:56,687 INFO INTERNAL EVENT, global time: 49, local logical clock time:    289
2023-03-08 00:16:56,689 INFO SENT MESSAGE:                290, TO: 7978, global time:       49, local logical clock time: 290
2023-03-08 00:16:56,691 INFO SENT MESSAGE:                291, TO: 7979, global time:       49, local logical clock time: 291
2023-03-08 00:16:56,694 INFO SENT MESSAGE:                292, TO: 7978, 7979, global time:       49, local logical clock time: 292
2023-03-08 00:16:56,696 INFO INTERNAL EVENT, global time: 49, local logical clock time:    293
2023-03-08 00:16:56,698 INFO SENT MESSAGE:                294, TO: 7978, global time:       49, local logical clock time: 294
2023-03-08 00:16:56,700 INFO INTERNAL EVENT, global time: 50, local logical clock time:    295
2023-03-08 00:16:56,703 INFO INTERNAL EVENT, global time: 50, local logical clock time:    296
2023-03-08 00:16:56,705 INFO INTERNAL EVENT, global time: 50, local logical clock time:    297
2023-03-08 00:16:56,707 INFO SENT MESSAGE:                298, TO: 7978, global time:       50, local logical clock time: 298
2023-03-08 00:16:56,709 INFO INTERNAL EVENT, global time: 50, local logical clock time:    299
2023-03-08 00:16:56,711 INFO SENT MESSAGE:                300, TO: 7979, global time:       50, local logical clock time: 300
2023-03-08 00:16:56,714 INFO SENT MESSAGE:                301, TO: 7979, global time:       51, local logical clock time: 301
2023-03-08 00:16:56,716 INFO INTERNAL EVENT, global time: 51, local logical clock time:    302
2023-03-08 00:16:56,718 INFO SENT MESSAGE:                303, TO: 7978, global time:       51, local logical clock time: 303
2023-03-08 00:16:56,720 INFO SENT MESSAGE:                304, TO: 7978, 7979, global time:       51, local logical clock time: 304
2023-03-08 00:16:56,722 INFO SENT MESSAGE:                305, TO: 7979, global time:       51, local logical clock time: 305
2023-03-08 00:16:56,725 INFO SENT MESSAGE:                306, TO: 7978, 7979, global time:       51, local logical clock time: 306
2023-03-08 00:16:56,727 INFO INTERNAL EVENT, global time: 52, local logical clock time:    307
2023-03-08 00:16:56,729 INFO INTERNAL EVENT, global time: 52, local logical clock time:    308
2023-03-08 00:16:56,731 INFO SENT MESSAGE:                309, TO: 7978, 7979, global time:       52, local logical clock time: 309
2023-03-08 00:16:56,733 INFO SENT MESSAGE:                310, TO: 7978, 7979, global time:       52, local logical clock time: 310
2023-03-08 00:16:56,736 INFO SENT MESSAGE:                311, TO: 7978, 7979, global time:       52, local logical clock time: 311
2023-03-08 00:16:56,738 INFO SENT MESSAGE:                312, TO: 7979, global time:       52, local logical clock time: 312
2023-03-08 00:16:56,740 INFO SENT MESSAGE:                313, TO: 7979, global time:       53, local logical clock time: 313
2023-03-08 00:16:56,743 INFO SENT MESSAGE:                314, TO: 7978, 7979, global time:       53, local logical clock time: 314
2023-03-08 00:16:56,745 INFO INTERNAL EVENT, global time: 53, local logical clock time:    315
2023-03-08 00:16:56,747 INFO SENT MESSAGE:                316, TO: 7978, 7979, global time:       53, local logical clock time: 316
2023-03-08 00:16:56,750 INFO SENT MESSAGE:                317, TO: 7979, global time:       53, local logical clock time: 317
2023-03-08 00:16:56,752 INFO SENT MESSAGE:                318, TO: 7978, 7979, global time:       53, local logical clock time: 318
2023-03-08 00:16:56,754 INFO SENT MESSAGE:                319, TO: 7979, global time:       54, local logical clock time: 319
2023-03-08 00:16:56,756 INFO INTERNAL EVENT, global time: 54, local logical clock time:    320
2023-03-08 00:16:56,758 INFO SENT MESSAGE:                321, TO: 7979, global time:       54, local logical clock time: 321
2023-03-08 00:16:56,760 INFO INTERNAL EVENT, global time: 54, local logical clock time:    322
2023-03-08 00:16:56,762 INFO SENT MESSAGE:                323, TO: 7978, global time:       54, local logical clock time: 323
2023-03-08 00:16:56,765 INFO INTERNAL EVENT, global time: 54, local logical clock time:    324
2023-03-08 00:16:56,767 INFO INTERNAL EVENT, global time: 55, local logical clock time:    325
2023-03-08 00:16:56,769 INFO SENT MESSAGE:                326, TO: 7978, 7979, global time:       55, local logical clock time: 326
2023-03-08 00:16:56,771 INFO INTERNAL EVENT, global time: 55, local logical clock time:    327
2023-03-08 00:16:56,773 INFO SENT MESSAGE:                328, TO: 7978, 7979, global time:       55, local logical clock time: 328
2023-03-08 00:16:56,776 INFO INTERNAL EVENT, global time: 55, local logical clock time:    329
2023-03-08 00:16:56,778 INFO SENT MESSAGE:                330, TO: 7978, global time:       55, local logical clock time: 330
2023-03-08 00:16:56,780 INFO INTERNAL EVENT, global time: 56, local logical clock time:    331
2023-03-08 00:16:56,782 INFO SENT MESSAGE:                332, TO: 7978, 7979, global time:       56, local logical clock time: 332
2023-03-08 00:16:56,785 INFO SENT MESSAGE:                333, TO: 7978, 7979, global time:       56, local logical clock time: 333
2023-03-08 00:16:56,787 INFO SENT MESSAGE:                334, TO: 7979, global time:       56, local logical clock time: 334
2023-03-08 00:16:56,789 INFO INTERNAL EVENT, global time: 56, local logical clock time:    335
2023-03-08 00:16:56,791 INFO INTERNAL EVENT, global time: 56, local logical clock time:    336
2023-03-08 00:16:56,794 INFO SENT MESSAGE:                337, TO: 7978, global time:       57, local logical clock time: 337
2023-03-08 00:16:56,796 INFO SENT MESSAGE:                338, TO: 7978, global time:       57, local logical clock time: 338
2023-03-08 00:16:56,798 INFO INTERNAL EVENT, global time: 57, local logical clock time:    339
2023-03-08 00:16:56,800 INFO INTERNAL EVENT, global time: 57, local logical clock time:    340
2023-03-08 00:16:56,802 INFO INTERNAL EVENT, global time: 57, local logical clock time:    341
2023-03-08 00:16:56,805 INFO INTERNAL EVENT, global time: 57, local logical clock time:    342
2023-03-08 00:16:56,807 INFO SENT MESSAGE:                343, TO: 7978, 7979, global time:       58, local logical clock time: 343
2023-03-08 00:16:56,809 INFO SENT MESSAGE:                344, TO: 7978, 7979, global time:       58, local logical clock time: 344
2023-03-08 00:16:56,811 INFO INTERNAL EVENT, global time: 58, local logical clock time:    345
2023-03-08 00:16:56,814 INFO INTERNAL EVENT, global time: 58, local logical clock time:    346
2023-03-08 00:16:56,816 INFO INTERNAL EVENT, global time: 58, local logical clock time:    347
2023-03-08 00:16:56,818 INFO SENT MESSAGE:                348, TO: 7978, global time:       58, local logical clock time: 348
2023-03-08 00:16:56,820 INFO SENT MESSAGE:                349, TO: 7978, 7979, global time:       59, local logical clock time: 349
2023-03-08 00:16:56,822 INFO INTERNAL EVENT, global time: 59, local logical clock time:    350
2023-03-08 00:16:56,825 INFO SENT MESSAGE:                351, TO: 7979, global time:       59, local logical clock time: 351
2023-03-08 00:16:56,827 INFO SENT MESSAGE:                352, TO: 7979, global time:       59, local logical clock time: 352
2023-03-08 00:16:56,829 INFO SENT MESSAGE:                353, TO: 7978, global time:       59, local logical clock time: 353
2023-03-08 00:16:56,831 INFO SENT MESSAGE:                354, TO: 7978, 7979, global time:       59, local logical clock time: 354
2023-03-08 00:16:56,834 INFO SENT MESSAGE:                355, TO: 7978, global time:       60, local logical clock time: 355
2023-03-08 00:16:56,836 INFO INTERNAL EVENT, global time: 60, local logical clock time:    356
2023-03-08 00:16:56,838 INFO INTERNAL EVENT, global time: 60, local logical clock time:    357
2023-03-08 00:16:56,840 INFO INTERNAL EVENT, global time: 60, local logical clock time:    358
2023-03-08 00:16:56,842 INFO SENT MESSAGE:                359, TO: 7978, global time:       60, local logical clock time: 359
2023-03-08 00:16:56,844 INFO SENT MESSAGE:                360, TO: 7978, 7979, global time:       60, local logical clock time: 360
